Determining if the pthread_create exist failed with the following output:
Change Dir: /home/paul/catkin_ws/build/CMakeFiles/CMakeTmp

Run Build Command:"/usr/bin/make" "cmTC_a514d/fast"
/usr/bin/make -f CMakeFiles/cmTC_a514d.dir/build.make CMakeFiles/cmTC_a514d.dir/build
make[1]: Entering directory '/home/paul/catkin_ws/build/CMakeFiles/CMakeTmp'
Building C object CMakeFiles/cmTC_a514d.dir/CheckSymbolExists.c.o
/usr/bin/cc     -o CMakeFiles/cmTC_a514d.dir/CheckSymbolExists.c.o   -c /home/paul/catkin_ws/build/CMakeFiles/CMakeTmp/CheckSymbolExists.c
Linking C executable cmTC_a514d
/usr/bin/cmake -E cmake_link_script CMakeFiles/cmTC_a514d.dir/link.txt --verbose=1
/usr/bin/cc       CMakeFiles/cmTC_a514d.dir/CheckSymbolExists.c.o  -o cmTC_a514d -rdynamic 
CMakeFiles/cmTC_a514d.dir/CheckSymbolExists.c.o: In function `main':
CheckSymbolExists.c:(.text+0x16): undefined reference to `pthread_create'
collect2: error: ld returned 1 exit status
CMakeFiles/cmTC_a514d.dir/build.make:97: recipe for target 'cmTC_a514d' failed
make[1]: *** [cmTC_a514d] Error 1
make[1]: Leaving directory '/home/paul/catkin_ws/build/CMakeFiles/CMakeTmp'
Makefile:126: recipe for target 'cmTC_a514d/fast' failed
make: *** [cmTC_a514d/fast] Error 2

File /home/paul/catkin_ws/build/CMakeFiles/CMakeTmp/CheckSymbolExists.c:
/* */
#include <pthread.h>

int main(int argc, char** argv)
{
  (void)argv;
#ifndef pthread_create
  return ((int*)(&pthread_create))[argc];
#else
  (void)argc;
  return 0;
#endif
}

Determining if the function pthread_create exists in the pthreads failed with the following output:
Change Dir: /home/paul/catkin_ws/build/CMakeFiles/CMakeTmp

Run Build Command:"/usr/bin/make" "cmTC_92b39/fast"
/usr/bin/make -f CMakeFiles/cmTC_92b39.dir/build.make CMakeFiles/cmTC_92b39.dir/build
make[1]: Entering directory '/home/paul/catkin_ws/build/CMakeFiles/CMakeTmp'
Building C object CMakeFiles/cmTC_92b39.dir/CheckFunctionExists.c.o
/usr/bin/cc    -DCHECK_FUNCTION_EXISTS=pthread_create   -o CMakeFiles/cmTC_92b39.dir/CheckFunctionExists.c.o   -c /usr/share/cmake-3.5/Modules/CheckFunctionExists.c
Linking C executable cmTC_92b39
/usr/bin/cmake -E cmake_link_script CMakeFiles/cmTC_92b39.dir/link.txt --verbose=1
/usr/bin/cc   -DCHECK_FUNCTION_EXISTS=pthread_create    CMakeFiles/cmTC_92b39.dir/CheckFunctionExists.c.o  -o cmTC_92b39 -rdynamic -lpthreads 
/usr/bin/ld: cannot find -lpthreads
collect2: error: ld returned 1 exit status
CMakeFiles/cmTC_92b39.dir/build.make:97: recipe for target 'cmTC_92b39' failed
make[1]: *** [cmTC_92b39] Error 1
make[1]: Leaving directory '/home/paul/catkin_ws/build/CMakeFiles/CMakeTmp'
Makefile:126: recipe for target 'cmTC_92b39/fast' failed
make: *** [cmTC_92b39/fast] Error 2


